2016-09-13 20:54:20.206,position=1414,part=base
2016-09-13 18:38:20.502,position=14,part=base
2016-09-13 17:45:18.549,position=2034,part=wrist2
2016-09-13 16:19:33.473,position=4444,part=wrist1
2016-09-13 14:57:16.282,position=4508,part=base
2016-09-13 14:06:56.570,position=5774,part=wrist3
2016-09-13 13:36:32.365,position=1969,part=base
2016-09-13 13:33:06.522,position=1344,part=base
2016-09-13 12:31:07.148,position=1754,part=base
2016-09-13 11:17:35.211,position=1763,part=elbow
2016-09-13 10:45:35.690,position=202,part=wrist1
2016-09-13 08:57:50.383,position=1072,part=wrist1
2016-09-13 08:37:37.637,position=1143,part=shoulder
2016-09-13 06:50:57.227,position=720,part=base
2016-09-13 06:36:59.661,position=3595,part=elbow
2016-09-13 03:16:00.076,position=4533,part=shoulder
2016-09-13 02:32:49.286,position=134,part=wrist1
2016-09-13 01:06:26.707,position=1831,part=wrist3
2016-09-13 00:09:17.337,position=1976,part=base
2016-09-12 22:54:01.972,position=5604,part=wrist2
2016-09-12 18:03:51.468,position=4321,part=wrist3
2016-09-12 17:35:06.651,position=601,part=elbow
2016-09-12 17:25:53.006,position=4564,part=wrist1
2016-09-12 13:29:09.805,position=4788,part=shoulder
2016-09-12 11:54:52.673,position=5586,part=wrist3
2016-09-12 11:34:30.785,position=1758,part=shoulder
2016-09-12 11:15:43.215,position=5821,part=base
2016-09-12 09:06:33.169,position=5541,part=elbow
2016-09-12 06:51:24.150,position=1106,part=wrist3
2016-09-12 05:27:21.503,position=1473,part=shoulder
2016-09-12 05:14:59.254,position=1096,part=elbow
2016-09-12 02:44:39.661,position=4854,part=wrist2
2016-09-11 23:59:43.971,position=1591,part=wrist3
2016-09-11 20:59:12.357,position=4896,part=base
2016-09-11 20:35:45.921,position=2730,part=base
2016-09-11 16:12:11.487,position=876,part=base
2016-09-11 09:42:46.749,position=3213,part=shoulder
2016-09-11 08:40:53.459,position=6060,part=elbow
2016-09-11 08:39:02.917,position=5261,part=wrist3
2016-09-11 06:59:17.249,position=2280,part=shoulder
2016-09-11 04:09:28.387,position=678,part=shoulder
2016-09-11 03:39:21.420,position=2574,part=wrist2
2016-09-11 03:34:30.402,position=6018,part=wrist2
2016-09-11 02:49:20.974,position=78,part=shoulder
2016-09-11 01:36:08.302,position=1908,part=wrist2
2016-09-10 23:53:39.364,position=1818,part=wrist1
2016-09-10 23:44:03.411,position=3856,part=base
2016-09-10 23:11:26.372,position=3950,part=wrist1
2016-09-10 23:07:35.180,position=5928,part=wrist2
2016-09-10 20:06:00.698,position=4512,part=wrist1
2016-09-10 19:30:47.503,position=3940,part=elbow
2016-09-10 18:46:58.196,position=5091,part=elbow
2016-09-10 18:45:02.600,position=3966,part=wrist3
2016-09-10 18:09:26.082,position=3273,part=shoulder
2016-09-10 16:38:24.638,position=866,part=elbow
2016-09-10 15:49:47.339,position=2411,part=wrist3
2016-09-10 15:15:01.537,position=691,part=elbow
2016-09-10 14:38:19.110,position=5910,part=shoulder
2016-09-10 14:02:18.256,position=3821,part=elbow
2016-09-10 13:18:44.160,position=5946,part=base
2016-09-10 13:15:43.667,position=1983,part=shoulder
2016-09-10 13:13:11.567,position=2079,part=wrist2
2016-09-10 09:38:09.346,position=6041,part=elbow
2016-09-10 04:10:55.136,position=4446,part=elbow
2016-09-10 02:14:02.268,position=1141,part=base
2016-09-09 23:12:05.478,position=3243,part=shoulder
2016-09-09 22:10:57.803,position=2711,part=elbow
2016-09-09 10:21:16.639,position=2568,part=shoulder
2016-09-09 03:28:56.899,position=2703,part=shoulder
2016-09-09 03:19:36.156,position=1713,part=shoulder
2016-09-09 00:53:06.757,position=1059,part=wrist2
2016-09-09 00:01:06.658,position=3916,part=elbow
2016-09-08 22:02:47.600,position=1370,part=wrist3
2016-09-08 19:46:16.448,position=4241,part=base
2016-09-08 19:24:45.614,position=3201,part=elbow
2016-09-08 19:20:30.089,position=5373,part=wrist2
2016-09-08 19:05:14.437,position=4353,part=shoulder
2016-09-08 19:04:13.593,position=5931,part=elbow
2016-09-08 16:09:07.481,temperature=36,part=shoulder
2016-09-08 15:14:26.156,position=2027,part=base
2016-09-08 14:48:13.426,position=5319,part=shoulder
2016-09-08 14:05:16.847,position=18,part=base
2016-09-08 10:00:42.306,position=4634,part=base
2016-09-08 08:20:13.021,position=1528,part=base
2016-09-08 07:54:10.442,position=1924,part=elbow
2016-09-08 06:55:07.481,temperature=76,part=shoulder
2016-09-08 06:50:52.984,position=3614,part=wrist3
2016-09-08 04:23:43.019,position=3447,part=shoulder
2016-09-08 03:19:35.879,position=5247,part=shoulder
2016-09-08 03:13:06.497,position=4950,part=wrist1
2016-09-08 02:07:40.262,position=1648,part=elbow
2016-09-08 01:22:50.109,position=2982,part=shoulder
2016-09-08 01:04:15.715,position=2884,part=wrist3
2016-09-07 22:56:15.624,position=3012,part=wrist1
2016-09-07 22:05:31.579,position=1527,part=shoulder
2016-09-07 22:05:29.549,position=2226,part=wrist1
2016-09-07 21:46:44.005,position=2504,part=wrist1
2016-09-07 21:17:13.544,position=3579,part=shoulder
2016-09-07 20:30:08.522,position=4463,part=elbow
2016-09-07 18:57:39.885,position=3186,part=wrist1
2016-09-07 11:49:49.293,position=5968,part=wrist1
2016-09-07 11:35:44.625,position=4293,part=wrist3
2016-09-07 09:32:16.291,position=778,part=wrist3
2016-09-07 07:35:24.440,position=3823,part=elbow
2016-09-07 05:06:57.411,position=4798,part=elbow
2016-09-07 03:47:41.719,position=2442,part=wrist2
2016-09-06 17:24:04.878,position=5286,part=wrist1
2016-09-06 15:22:07.809,position=48,part=wrist3
2016-09-06 15:21:48.538,position=5098,part=wrist3
2016-09-06 13:28:33.680,position=3199,part=base
2016-09-06 13:00:27.393,position=6066,part=wrist2
2016-09-06 12:32:26.166,position=5978,part=wrist1
2016-09-06 10:53:39.297,position=450,part=wrist1
2016-09-06 09:54:29.264,position=1626,part=wrist2
2016-09-05 21:41:29.767,position=5963,part=elbow
2016-09-05 19:50:10.515,position=2997,part=shoulder
2016-09-05 19:03:47.066,position=4116,part=wrist2
2016-09-05 12:16:25.448,position=2847,part=shoulder
2016-09-05 04:22:50.963,position=2169,part=base
2016-09-05 03:12:34.722,position=3231,part=wrist2
2016-09-05 02:47:52.247,position=2922,part=wrist1
2016-09-04 21:41:45.546,position=4332,part=shoulder
2016-09-04 21:16:21.527,temperature=30,part=shoulder
2016-09-04 21:08:29.982,position=3414,part=elbow
2016-09-04 20:57:14.654,position=4119,part=elbow
2016-09-04 20:19:36.455,position=5469,part=shoulder
2016-09-04 17:51:52.016,position=5151,part=wrist2
2016-09-04 16:51:36.069,position=3141,part=wrist2
2016-09-04 16:51:13.757,position=2182,part=wrist1
2016-09-04 16:02:30.380,position=5457,part=shoulder
2016-09-04 12:12:12.510,position=231,part=wrist2
2016-09-04 12:03:17.119,position=6200,part=wrist1
2016-09-04 11:49:37.800,position=1956,part=wrist2
2016-09-04 11:26:47.872,position=3574,part=elbow
2016-09-04 10:46:43.665,position=1898,part=wrist1
2016-09-04 10:16:21.527,temperature=57,part=shoulder
2016-09-04 10:08:16.802,position=3504,part=shoulder
2016-09-04 08:32:32.453,position=4989,part=shoulder
2016-09-04 06:45:33.796,position=1248,part=wrist2
2016-09-04 06:44:56.274,position=523,part=wrist3
2016-09-04 05:49:39.463,position=5538,part=wrist2
2016-09-04 04:45:37.229,position=1468,part=elbow
2016-09-04 02:16:21.527,temperature=87,part=shoulder
2016-09-04 00:30:06.460,position=5479,part=wrist3
2016-09-03 23:08:12.589,position=1647,part=shoulder
2016-09-03 22:23:18.374,position=1729,part=base
2016-09-03 22:18:32.428,position=477,part=shoulder
2016-09-03 19:29:45.539,position=681,part=wrist2
2016-09-03 19:04:17.431,position=4587,part=wrist2
2016-09-03 17:11:14.743,position=184,part=wrist1
2016-09-03 16:43:12.507,position=4524,part=wrist1
2016-09-03 13:28:58.530,position=5457,part=shoulder
2016-09-03 11:08:19.967,position=1399,part=base
2016-09-03 10:07:10.277,position=528,part=wrist1
2016-09-03 06:29:11.619,position=1302,part=shoulder
2016-09-03 05:42:42.089,position=5979,part=base
2016-09-03 04:48:42.344,position=5709,part=elbow
2016-09-03 04:15:40.971,position=627,part=shoulder
2016-09-02 18:44:52.721,temperature=21,part=wrist1
2016-09-02 17:21:56.154,position=6003,part=wrist2
2016-09-02 17:05:45.759,position=1088,part=wrist1
2016-09-02 16:23:30.734,position=4104,part=shoulder
2016-09-02 15:44:52.721,temperature=41,part=wrist1
2016-09-02 13:16:39.882,position=3408,part=elbow
2016-09-02 10:30:20.032,position=4748,part=elbow
2016-09-02 08:07:44.852,position=3138,part=wrist3
2016-09-02 08:04:41.322,position=3943,part=elbow
2016-09-02 07:39:57.827,position=4683,part=wrist2
2016-09-02 06:59:11.037,position=3404,part=elbow
2016-09-01 22:21:13.758,position=4599,part=shoulder
2016-09-01 18:40:55.171,position=4763,part=base
2016-09-01 16:56:07.321,position=1442,part=wrist1
2016-09-01 13:20:07.901,position=1255,part=base
2016-09-01 12:04:50.505,position=790,part=base
2016-09-01 11:12:14.915,position=5915,part=base
2016-09-01 07:40:08.111,position=865,part=base
2016-09-01 04:10:47.618,position=190,part=elbow
2016-09-01 03:55:00.000,temperature=20,part=elbow
2016-09-01 03:03:36.943,position=5785,part=wrist3
2016-09-01 02:16:14.679,position=2496,part=wrist2
2016-09-01 01:54:48.925,position=2850,part=shoulder
2016-08-31 23:35:50.738,position=4870,part=base
2016-08-31 23:55:00.000,temperature=80,part=elbow
2016-08-31 22:36:17.378,position=2070,part=base
2016-08-31 22:08:29.345,position=6126,part=wrist2
2016-08-31 22:05:35.950,position=3444,part=wrist3
2016-08-31 19:12:39.619,position=2504,part=wrist1